<?xml version="1.0" encoding="UTF-8"?>
<testng-results skipped="0" failed="0" ignored="0" total="1" passed="1">
  <reporter-output>
  </reporter-output>
  <suite name="Default suite" duration-ms="52069" started-at="2018-11-01T06:20:47Z" finished-at="2018-11-01T06:21:39Z">
    <groups>
    </groups>
    <test name="Default test" duration-ms="52069" started-at="2018-11-01T06:20:47Z" finished-at="2018-11-01T06:21:39Z">
      <class name="com.freecrm.qa.thirdparty.ImportByRobotClassInJavaAWT">
        <test-method status="PASS" signature="setUp()[pri:0, instance:com.freecrm.qa.thirdparty.ImportByRobotClassInJavaAWT@6c3708b3]" name="setUp" is-config="true" duration-ms="21132" started-at="2018-11-01T06:20:47Z" finished-at="2018-11-01T06:21:08Z">
          <reporter-output>
          </reporter-output>
        </test-method> <!-- setUp -->
        <test-method status="PASS" signature="importData()[pri:0, instance:com.freecrm.qa.thirdparty.ImportByRobotClassInJavaAWT@6c3708b3]" name="importData" duration-ms="30839" started-at="2018-11-01T06:21:08Z" finished-at="2018-11-01T06:21:39Z">
          <reporter-output>
          </reporter-output>
        </test-method> <!-- importData -->
        <test-method status="PASS" signature="tearDown()[pri:0, instance:com.freecrm.qa.thirdparty.ImportByRobotClassInJavaAWT@6c3708b3]" name="tearDown" is-config="true" duration-ms="1" started-at="2018-11-01T06:21:39Z" finished-at="2018-11-01T06:21:39Z">
          <reporter-output>
          </reporter-output>
        </test-method> <!-- tearDown -->
      </class> <!-- com.freecrm.qa.thirdparty.ImportByRobotClassInJavaAWT -->
    </test> <!-- Default test -->
  </suite> <!-- Default suite -->
</testng-results>
