<?xml version="1.0" encoding="UTF-8"?>
<testng-results skipped="0" failed="0" ignored="0" total="1" passed="1">
  <reporter-output>
  </reporter-output>
  <suite name="Default suite" duration-ms="31312" started-at="2018-10-25T09:01:35Z" finished-at="2018-10-25T09:02:07Z">
    <groups>
    </groups>
    <test name="Default test" duration-ms="31312" started-at="2018-10-25T09:01:35Z" finished-at="2018-10-25T09:02:07Z">
      <class name="com.freecrm.qa.testcases.AddContactPageTest">
        <test-method status="PASS" signature="setUp()[pri:0, instance:com.freecrm.qa.testcases.AddContactPageTest@66480dd7]" name="setUp" is-config="true" duration-ms="23752" started-at="2018-10-25T09:01:35Z" finished-at="2018-10-25T09:01:59Z">
          <reporter-output>
          </reporter-output>
        </test-method> <!-- setUp -->
        <test-method status="PASS" signature="validateCreateNewContact()[pri:0, instance:com.freecrm.qa.testcases.AddContactPageTest@66480dd7]" name="validateCreateNewContact" duration-ms="7505" started-at="2018-10-25T09:01:59Z" finished-at="2018-10-25T09:02:07Z">
          <reporter-output>
          </reporter-output>
        </test-method> <!-- validateCreateNewContact -->
        <test-method status="PASS" signature="tearDown()[pri:0, instance:com.freecrm.qa.testcases.AddContactPageTest@66480dd7]" name="tearDown" is-config="true" duration-ms="0" started-at="2018-10-25T09:02:07Z" finished-at="2018-10-25T09:02:07Z">
          <reporter-output>
          </reporter-output>
        </test-method> <!-- tearDown -->
      </class> <!-- com.freecrm.qa.testcases.AddContactPageTest -->
    </test> <!-- Default test -->
  </suite> <!-- Default suite -->
</testng-results>
