<?xml version="1.0" encoding="UTF-8"?>
<testng-results skipped="0" failed="0" ignored="0" total="2" passed="2">
  <reporter-output>
  </reporter-output>
  <suite name="Default suite" duration-ms="46350" started-at="2018-10-24T12:37:08Z" finished-at="2018-10-24T12:37:54Z">
    <groups>
    </groups>
    <test name="Default test" duration-ms="46350" started-at="2018-10-24T12:37:08Z" finished-at="2018-10-24T12:37:54Z">
      <class name="com.freecrm.qa.testcases.LoginPageTest">
        <test-method status="PASS" signature="setUp()[pri:0, instance:com.freecrm.qa.testcases.LoginPageTest@5e5792a0]" name="setUp" is-config="true" duration-ms="13123" started-at="2018-10-24T12:37:08Z" finished-at="2018-10-24T12:37:21Z">
          <reporter-output>
          </reporter-output>
        </test-method> <!-- setUp -->
        <test-method status="PASS" signature="LoginAsUserTest()[pri:1, instance:com.freecrm.qa.testcases.LoginPageTest@5e5792a0]" name="LoginAsUserTest" duration-ms="10783" started-at="2018-10-24T12:37:21Z" finished-at="2018-10-24T12:37:32Z">
          <reporter-output>
          </reporter-output>
        </test-method> <!-- LoginAsUserTest -->
        <test-method status="PASS" signature="tearDown()[pri:0, instance:com.freecrm.qa.testcases.LoginPageTest@5e5792a0]" name="tearDown" is-config="true" duration-ms="800" started-at="2018-10-24T12:37:32Z" finished-at="2018-10-24T12:37:32Z">
          <reporter-output>
          </reporter-output>
        </test-method> <!-- tearDown -->
        <test-method status="PASS" signature="setUp()[pri:0, instance:com.freecrm.qa.testcases.LoginPageTest@5e5792a0]" name="setUp" is-config="true" duration-ms="10965" started-at="2018-10-24T12:37:32Z" finished-at="2018-10-24T12:37:43Z">
          <reporter-output>
          </reporter-output>
        </test-method> <!-- setUp -->
        <test-method status="PASS" signature="loginTest()[pri:2, instance:com.freecrm.qa.testcases.LoginPageTest@5e5792a0]" name="loginTest" duration-ms="9789" started-at="2018-10-24T12:37:43Z" finished-at="2018-10-24T12:37:53Z">
          <reporter-output>
          </reporter-output>
        </test-method> <!-- loginTest -->
        <test-method status="PASS" signature="tearDown()[pri:0, instance:com.freecrm.qa.testcases.LoginPageTest@5e5792a0]" name="tearDown" is-config="true" duration-ms="803" started-at="2018-10-24T12:37:53Z" finished-at="2018-10-24T12:37:54Z">
          <reporter-output>
          </reporter-output>
        </test-method> <!-- tearDown -->
      </class> <!-- com.freecrm.qa.testcases.LoginPageTest -->
    </test> <!-- Default test -->
  </suite> <!-- Default suite -->
</testng-results>
